2025-06-09 12:15:28,328 [INFO] API: Loading machine learning models...
2025-06-09 12:15:29,706 [INFO] API: Loading collaborative filtering models...
2025-06-09 12:15:29,789 [INFO] API: Loading customer data...
2025-06-09 12:15:30,002 [INFO] API: Initial data loading completed successfully
2025-06-09 12:21:15,607 [INFO] API: Received new order request: {'Order_ID': 99999, 'Customer_ID': 'CUST1001', 'Warehouse_ID': 'WH003', 'Customer_Age': 35, 'Customer_Gender': 'Male', 'Date': '2025-06-09', 'Product_ID': 'Product_986', 'SKU_ID': 'SKU_543', 'Category': 'Electronics', 'Quantity': 2, 'Price_per_Unit': 299.99}
2025-06-09 12:21:15,829 [WARNING] API: Duplicate order detected: {'Order_ID': 99999, 'Customer_ID': 'CUST1001', 'Warehouse_ID': 'WH003', 'Customer_Age': 35, 'Customer_Gender': 'Male', 'Date': '2025-06-09', 'Product_ID': 'Product_986', 'SKU_ID': 'SKU_543', 'Category': 'Electronics', 'Quantity': 2, 'Price_per_Unit': 299.99}
2025-06-09 12:24:03,004 [INFO] API: Received new order request: {'Order_ID': 99998, 'Customer_ID': 'CUST1001', 'Warehouse_ID': 'WH003', 'Customer_Age': 35, 'Customer_Gender': 'Male', 'Date': '2025-06-09', 'Product_ID': 'Product_986', 'SKU_ID': 'SKU_543', 'Category': 'Electronics', 'Quantity': 2, 'Price_per_Unit': 299.99}
2025-06-09 12:24:03,756 [INFO] API: Successfully added order ID 99998
2025-06-09 12:24:26,886 [INFO] API: Starting recommendation process for CUST1001
2025-06-09 12:24:26,984 [INFO] API: Generated recommendations for CUST1001: ['Product_190', 'Product_189', 'Product_013', 'Product_119', 'Product_155']
2025-06-09 12:24:57,635 [INFO] API: Checking existence: Order 99998, Product Product_987, SKU SKU_543
2025-06-09 12:24:57,799 [INFO] API: Existence check result: False
2025-06-09 12:25:11,460 [INFO] API: Checking existence: Order 99998, Product Product_986, SKU SKU_543
2025-06-09 12:25:11,612 [INFO] API: Existence check result: True
2025-06-09 15:33:02,821 [INFO] API: Loading machine learning models...
2025-06-09 15:33:03,777 [INFO] API: Loading collaborative filtering models...
2025-06-09 15:33:03,828 [INFO] API: Loading customer data...
2025-06-09 15:33:04,014 [INFO] API: Initial data loading completed successfully
2025-06-09 15:47:30,170 [INFO] API: Loading machine learning models...
2025-06-09 15:47:31,128 [INFO] API: Loading collaborative filtering models...
2025-06-09 15:47:31,184 [INFO] API: Loading customer data...
2025-06-09 15:47:31,361 [INFO] API: Initial data loading completed successfully
2025-06-09 15:51:05,039 [INFO] API: Loading machine learning models...
2025-06-09 15:51:06,313 [INFO] API: Loading collaborative filtering models...
2025-06-09 15:51:06,386 [INFO] API: Loading customer data...
2025-06-09 15:51:06,598 [INFO] API: Initial data loading completed successfully
2025-06-09 15:52:11,631 [INFO] API: Loading machine learning models...
2025-06-09 15:52:12,759 [INFO] API: Loading collaborative filtering models...
2025-06-09 15:52:12,819 [INFO] API: Loading customer data...
2025-06-09 15:52:13,011 [INFO] API: Initial data loading completed successfully
