2025-06-09 12:12:34,082 [INFO] UPDATE: Configuration loaded successfully
2025-06-09 12:12:34,255 [INFO] UPDATE: Loaded 44799 records from main dataset
2025-06-09 12:12:34,256 [INFO] UPDATE: Preprocessing data...
2025-06-09 12:12:34,316 [INFO] UPDATE: Data preprocessing completed
2025-06-09 12:12:34,316 [INFO] UPDATE: Creating normalized tables...
2025-06-09 12:12:34,402 [INFO] UPDATE: Order info saved to /home/athel/Desktop/Litmus7/order/order_info_normalized.csv
2025-06-09 12:12:34,561 [INFO] UPDATE: Order line saved to /home/athel/Desktop/Litmus7/order/order_line_normalized.csv
2025-06-09 12:12:34,662 [INFO] UPDATE: Product data saved to /home/athel/Desktop/Litmus7/order/product_normalized.csv
2025-06-09 12:12:34,663 [INFO] UPDATE: Creating customer dataframe...
2025-06-09 12:12:34,840 [INFO] UPDATE: Customer dataframe saved to /home/athel/Desktop/Litmus7/order/customer_df.csv
2025-06-09 12:12:35,302 [INFO] UPDATE: Merged data saved
2025-06-09 12:12:35,303 [INFO] UPDATE: Hourly relations update completed successfully.
2025-06-09 13:00:25,644 [INFO] UPDATE: Configuration loaded successfully
2025-06-09 13:00:25,894 [INFO] UPDATE: Loaded 44800 records from main dataset
2025-06-09 13:00:25,895 [INFO] UPDATE: Preprocessing data...
2025-06-09 13:00:25,969 [INFO] UPDATE: Data preprocessing completed
2025-06-09 13:00:25,970 [INFO] UPDATE: Creating normalized tables...
2025-06-09 13:00:26,083 [INFO] UPDATE: Order info saved to /home/athel/Desktop/Litmus7/order/order_info_normalized.csv
2025-06-09 13:00:26,310 [INFO] UPDATE: Order line saved to /home/athel/Desktop/Litmus7/order/order_line_normalized.csv
2025-06-09 13:00:26,447 [INFO] UPDATE: Product data saved to /home/athel/Desktop/Litmus7/order/product_normalized.csv
2025-06-09 13:00:26,448 [INFO] UPDATE: Creating customer dataframe...
2025-06-09 13:00:26,720 [INFO] UPDATE: Customer dataframe saved to /home/athel/Desktop/Litmus7/order/customer_df.csv
2025-06-09 13:00:27,459 [INFO] UPDATE: Merged data saved
2025-06-09 13:00:27,459 [INFO] UPDATE: Hourly relations update completed successfully.
2025-06-09 14:31:17,244 [INFO] UPDATE: Configuration loaded successfully
2025-06-09 14:31:17,411 [INFO] UPDATE: Loaded 44800 records from main dataset
2025-06-09 14:31:17,411 [INFO] UPDATE: Preprocessing data...
2025-06-09 14:31:17,460 [INFO] UPDATE: Data preprocessing completed
2025-06-09 14:31:17,460 [INFO] UPDATE: Creating normalized tables...
2025-06-09 14:31:17,538 [INFO] UPDATE: Order info saved to /home/athel/Desktop/Litmus7/order/order_info_normalized.csv
2025-06-09 14:31:17,690 [INFO] UPDATE: Order line saved to /home/athel/Desktop/Litmus7/order/order_line_normalized.csv
2025-06-09 14:31:17,782 [INFO] UPDATE: Product data saved to /home/athel/Desktop/Litmus7/order/product_normalized.csv
2025-06-09 14:31:17,782 [INFO] UPDATE: Creating customer dataframe...
2025-06-09 14:31:17,952 [INFO] UPDATE: Customer dataframe saved to /home/athel/Desktop/Litmus7/order/customer_df.csv
2025-06-09 14:31:18,376 [INFO] UPDATE: Merged data saved
2025-06-09 14:31:18,377 [INFO] UPDATE: Hourly relations update completed successfully.
2025-06-09 15:29:10,525 [INFO] UPDATE: Configuration loaded successfully
2025-06-09 15:29:10,768 [INFO] UPDATE: Loaded 44800 records from main dataset
2025-06-09 15:29:10,768 [INFO] UPDATE: Preprocessing data...
2025-06-09 15:29:10,820 [INFO] UPDATE: Data preprocessing completed
2025-06-09 15:29:10,821 [INFO] UPDATE: Creating normalized tables...
2025-06-09 15:29:10,900 [INFO] UPDATE: Order info saved to /home/athel/Desktop/Litmus7/order/order_info_normalized.csv
2025-06-09 15:29:11,055 [INFO] UPDATE: Order line saved to /home/athel/Desktop/Litmus7/order/order_line_normalized.csv
2025-06-09 15:29:11,166 [INFO] UPDATE: Product data saved to /home/athel/Desktop/Litmus7/order/product_normalized.csv
2025-06-09 15:29:11,166 [INFO] UPDATE: Creating customer dataframe...
2025-06-09 15:29:11,325 [INFO] UPDATE: Customer dataframe saved to /home/athel/Desktop/Litmus7/order/customer_df.csv
2025-06-09 15:29:11,859 [INFO] UPDATE: Merged data saved
2025-06-09 15:29:11,859 [INFO] UPDATE: Hourly relations update completed successfully.
2025-06-09 16:00:12,670 [INFO] UPDATE: Configuration loaded successfully
2025-06-09 16:00:12,831 [INFO] UPDATE: Loaded 44800 records from main dataset
2025-06-09 16:00:12,831 [INFO] UPDATE: Preprocessing data...
2025-06-09 16:00:12,879 [INFO] UPDATE: Data preprocessing completed
2025-06-09 16:00:12,879 [INFO] UPDATE: Creating normalized tables...
2025-06-09 16:00:12,956 [INFO] UPDATE: Order info saved to /home/athel/Desktop/Litmus7/order/order_info_normalized.csv
2025-06-09 16:00:13,106 [INFO] UPDATE: Order line saved to /home/athel/Desktop/Litmus7/order/order_line_normalized.csv
2025-06-09 16:00:13,200 [INFO] UPDATE: Product data saved to /home/athel/Desktop/Litmus7/order/product_normalized.csv
2025-06-09 16:00:13,201 [INFO] UPDATE: Creating customer dataframe...
2025-06-09 16:00:13,388 [INFO] UPDATE: Customer dataframe saved to /home/athel/Desktop/Litmus7/order/customer_df.csv
2025-06-09 16:00:13,809 [INFO] UPDATE: Merged data saved
2025-06-09 16:00:13,809 [INFO] UPDATE: Hourly relations update completed successfully.
